mode: set
MikeAustin71/strmechops/strmech/strmech.go:92.9,94.33 1 1
MikeAustin71/strmechops/strmech/strmech.go:98.2,110.11 5 1
MikeAustin71/strmechops/strmech/strmech.go:94.33,96.3 1 0
MikeAustin71/strmechops/strmech/strmech.go:172.25,174.33 1 1
MikeAustin71/strmechops/strmech/strmech.go:178.2,192.23 6 1
MikeAustin71/strmechops/strmech/strmech.go:174.33,176.3 1 0
MikeAustin71/strmechops/strmech/strmech.go:198.47,200.33 1 1
MikeAustin71/strmechops/strmech/strmech.go:204.2,208.20 3 1
MikeAustin71/strmechops/strmech/strmech.go:212.2,217.6 2 1
MikeAustin71/strmechops/strmech/strmech.go:200.33,202.3 1 1
MikeAustin71/strmechops/strmech/strmech.go:208.20,210.3 1 0
MikeAustin71/strmechops/strmech/strmech.go:223.41,225.33 1 1
MikeAustin71/strmechops/strmech/strmech.go:229.2,240.18 5 1
MikeAustin71/strmechops/strmech/strmech.go:225.33,227.3 1 0
MikeAustin71/strmechops/strmech/strmech.go:248.22,250.33 1 1
MikeAustin71/strmechops/strmech/strmech.go:254.2,262.12 4 1
MikeAustin71/strmechops/strmech/strmech.go:250.33,252.3 1 1
MikeAustin71/strmechops/strmech/strmech.go:440.9,442.33 1 1
MikeAustin71/strmechops/strmech/strmech.go:446.2,462.11 5 1
MikeAustin71/strmechops/strmech/strmech.go:442.33,444.3 1 0
MikeAustin71/strmechops/strmech/strmech.go:685.9,687.33 1 1
MikeAustin71/strmechops/strmech/strmech.go:691.2,705.11 5 1
MikeAustin71/strmechops/strmech/strmech.go:687.33,689.3 1 0
MikeAustin71/strmechops/strmech/strmech.go:771.9,773.33 1 1
MikeAustin71/strmechops/strmech/strmech.go:777.2,789.11 5 1
MikeAustin71/strmechops/strmech/strmech.go:773.33,775.3 1 0
MikeAustin71/strmechops/strmech/strmech.go:863.9,865.33 1 1
MikeAustin71/strmechops/strmech/strmech.go:869.2,881.11 5 1
MikeAustin71/strmechops/strmech/strmech.go:865.33,867.3 1 0
MikeAustin71/strmechops/strmech/strmech.go:980.9,982.33 1 1
MikeAustin71/strmechops/strmech/strmech.go:986.2,998.11 5 1
MikeAustin71/strmechops/strmech/strmech.go:982.33,984.3 1 0
MikeAustin71/strmechops/strmech/strmech.go:1121.13,1123.33 1 1
MikeAustin71/strmechops/strmech/strmech.go:1127.2,1139.11 5 1
MikeAustin71/strmechops/strmech/strmech.go:1123.33,1125.3 1 0
MikeAustin71/strmechops/strmech/strmech.go:1156.22,1158.33 1 1
MikeAustin71/strmechops/strmech/strmech.go:1162.2,1170.9 4 1
MikeAustin71/strmechops/strmech/strmech.go:1158.33,1160.3 1 1
MikeAustin71/strmechops/strmech/strmech.go:1175.44,1178.33 2 1
MikeAustin71/strmechops/strmech/strmech.go:1182.2,1188.38 4 1
MikeAustin71/strmechops/strmech/strmech.go:1178.33,1180.3 1 0
MikeAustin71/strmechops/strmech/strmech.go:1192.49,1194.33 1 1
MikeAustin71/strmechops/strmech/strmech.go:1198.2,1202.16 3 1
MikeAustin71/strmechops/strmech/strmech.go:1194.33,1196.3 1 1
MikeAustin71/strmechops/strmech/strmech.go:1207.45,1209.33 1 1
MikeAustin71/strmechops/strmech/strmech.go:1213.2,1223.15 7 1
MikeAustin71/strmechops/strmech/strmech.go:1209.33,1211.3 1 0
MikeAustin71/strmechops/strmech/strmech.go:1297.34,1299.33 1 1
MikeAustin71/strmechops/strmech/strmech.go:1303.2,1314.11 5 1
MikeAustin71/strmechops/strmech/strmech.go:1299.33,1301.3 1 0
MikeAustin71/strmechops/strmech/strmech.go:1395.9,1397.33 1 1
MikeAustin71/strmechops/strmech/strmech.go:1401.2,1412.11 5 1
MikeAustin71/strmechops/strmech/strmech.go:1397.33,1399.3 1 0
MikeAustin71/strmechops/strmech/strmech.go:1488.9,1490.33 1 1
MikeAustin71/strmechops/strmech/strmech.go:1494.2,1505.11 5 1
MikeAustin71/strmechops/strmech/strmech.go:1490.33,1492.3 1 0
MikeAustin71/strmechops/strmech/strmech.go:1512.65,1514.33 1 1
MikeAustin71/strmechops/strmech/strmech.go:1518.2,1524.49 4 1
MikeAustin71/strmechops/strmech/strmech.go:1514.33,1516.3 1 0
MikeAustin71/strmechops/strmech/strmech.go:1649.9,1651.33 1 1
MikeAustin71/strmechops/strmech/strmech.go:1655.2,1667.11 5 1
MikeAustin71/strmechops/strmech/strmech.go:1651.33,1653.3 1 1
MikeAustin71/strmechops/strmech/strmech.go:1673.62,1675.33 1 1
MikeAustin71/strmechops/strmech/strmech.go:1679.2,1685.44 4 1
MikeAustin71/strmechops/strmech/strmech.go:1675.33,1677.3 1 0
MikeAustin71/strmechops/strmech/strmech.go:1748.9,1750.33 1 1
MikeAustin71/strmechops/strmech/strmech.go:1754.2,1765.11 5 1
MikeAustin71/strmechops/strmech/strmech.go:1750.33,1752.3 1 1
MikeAustin71/strmechops/strmech/strmech.go:1771.39,1773.33 1 1
MikeAustin71/strmechops/strmech/strmech.go:1777.2,1785.17 5 1
MikeAustin71/strmechops/strmech/strmech.go:1773.33,1775.3 1 1
MikeAustin71/strmechops/strmech/strmech.go:1799.36,1801.33 1 1
MikeAustin71/strmechops/strmech/strmech.go:1805.2,1813.17 5 1
MikeAustin71/strmechops/strmech/strmech.go:1801.33,1803.3 1 1
MikeAustin71/strmechops/strmech/strmech.go:1826.56,1828.33 1 1
MikeAustin71/strmechops/strmech/strmech.go:1832.2,1843.11 5 1
MikeAustin71/strmechops/strmech/strmech.go:1828.33,1830.3 1 0
MikeAustin71/strmechops/strmech/strmech.go:1887.20,1889.33 1 1
MikeAustin71/strmechops/strmech/strmech.go:1893.2,1901.12 4 1
MikeAustin71/strmechops/strmech/strmech.go:1889.33,1891.3 1 0
MikeAustin71/strmechops/strmech/strmech.go:1977.13,1979.33 1 1
MikeAustin71/strmechops/strmech/strmech.go:1983.2,1995.11 5 1
MikeAustin71/strmechops/strmech/strmech.go:1979.33,1981.3 1 1
MikeAustin71/strmechops/strmech/strmech.go:2089.9,2091.33 1 1
MikeAustin71/strmechops/strmech/strmech.go:2095.2,2106.11 5 1
MikeAustin71/strmechops/strmech/strmech.go:2091.33,2093.3 1 0
MikeAustin71/strmechops/strmech/strmech.go:2194.9,2196.33 1 1
MikeAustin71/strmechops/strmech/strmech.go:2200.2,2211.11 5 1
MikeAustin71/strmechops/strmech/strmech.go:2196.33,2198.3 1 0
MikeAustin71/strmechops/strmech/strmech.go:2245.32,2247.33 1 1
MikeAustin71/strmechops/strmech/strmech.go:2251.2,2255.25 3 1
MikeAustin71/strmechops/strmech/strmech.go:2259.2,2262.30 3 1
MikeAustin71/strmechops/strmech/strmech.go:2275.2,2284.15 2 1
MikeAustin71/strmechops/strmech/strmech.go:2247.33,2249.3 1 0
MikeAustin71/strmechops/strmech/strmech.go:2255.25,2257.3 1 0
MikeAustin71/strmechops/strmech/strmech.go:2262.30,2273.3 2 1
MikeAustin71/strmechops/strmech/strmech.go:2390.9,2392.33 1 1
MikeAustin71/strmechops/strmech/strmech.go:2396.2,2407.11 5 1
MikeAustin71/strmechops/strmech/strmech.go:2392.33,2394.3 1 0
MikeAustin71/strmechops/strmech/strmech.go:2490.9,2492.33 1 1
MikeAustin71/strmechops/strmech/strmech.go:2496.2,2509.11 5 1
MikeAustin71/strmechops/strmech/strmech.go:2492.33,2494.3 1 1
MikeAustin71/strmechops/strmech/strmech.go:2601.9,2603.33 1 1
MikeAustin71/strmechops/strmech/strmech.go:2607.2,2618.11 5 1
MikeAustin71/strmechops/strmech/strmech.go:2603.33,2605.3 1 0
MikeAustin71/strmechops/strmech/strmech.go:2625.48,2627.33 1 1
MikeAustin71/strmechops/strmech/strmech.go:2631.2,2639.23 5 1
MikeAustin71/strmechops/strmech/strmech.go:2627.33,2629.3 1 1
MikeAustin71/strmechops/strmech/strmech.go:2718.9,2720.33 1 1
MikeAustin71/strmechops/strmech/strmech.go:2724.2,2735.11 5 1
MikeAustin71/strmechops/strmech/strmech.go:2720.33,2722.3 1 1
MikeAustin71/strmechops/strmech/strmech.go:2812.34,2814.33 1 1
MikeAustin71/strmechops/strmech/strmech.go:2818.2,2829.11 5 1
MikeAustin71/strmechops/strmech/strmech.go:2814.33,2816.3 1 1
MikeAustin71/strmechops/strmech/strmech.go:2836.24,2838.33 1 1
MikeAustin71/strmechops/strmech/strmech.go:2842.2,2848.47 4 1
MikeAustin71/strmechops/strmech/strmech.go:2838.33,2840.3 1 1
MikeAustin71/strmechops/strmech/strmech.go:2855.24,2857.33 1 1
MikeAustin71/strmechops/strmech/strmech.go:2861.2,2867.47 4 1
MikeAustin71/strmechops/strmech/strmech.go:2857.33,2859.3 1 1
MikeAustin71/strmechops/strmech/strmech.go:2935.14,2937.33 1 1
MikeAustin71/strmechops/strmech/strmech.go:2941.2,2949.12 4 1
MikeAustin71/strmechops/strmech/strmech.go:2937.33,2939.3 1 0
MikeAustin71/strmechops/strmech/strmech.go:3031.14,3033.33 1 1
MikeAustin71/strmechops/strmech/strmech.go:3037.2,3045.12 4 1
MikeAustin71/strmechops/strmech/strmech.go:3033.33,3035.3 1 0
MikeAustin71/strmechops/strmech/strmech.go:3129.51,3131.33 1 1
MikeAustin71/strmechops/strmech/strmech.go:3135.2,3143.12 4 1
MikeAustin71/strmechops/strmech/strmech.go:3131.33,3133.3 1 0
MikeAustin71/strmechops/strmech/strmech.go:3225.9,3227.33 1 1
MikeAustin71/strmechops/strmech/strmech.go:3231.2,3242.11 5 1
MikeAustin71/strmechops/strmech/strmech.go:3227.33,3229.3 1 1
MikeAustin71/strmechops/strmech/strmech.go:3334.34,3336.33 1 1
MikeAustin71/strmechops/strmech/strmech.go:3340.2,3351.11 5 1
MikeAustin71/strmechops/strmech/strmech.go:3336.33,3338.3 1 1
MikeAustin71/strmechops/strmech/strmech.go:3441.9,3443.33 1 1
MikeAustin71/strmechops/strmech/strmech.go:3447.2,3458.11 5 1
MikeAustin71/strmechops/strmech/strmech.go:3443.33,3445.3 1 1
MikeAustin71/strmechops/strmech/strmech.go:3567.9,3569.33 1 1
MikeAustin71/strmechops/strmech/strmech.go:3573.2,3586.11 5 1
MikeAustin71/strmechops/strmech/strmech.go:3569.33,3571.3 1 1
MikeAustin71/strmechops/strmech/strmech.go:3667.13,3669.33 1 1
MikeAustin71/strmechops/strmech/strmech.go:3673.2,3684.11 5 1
MikeAustin71/strmechops/strmech/strmech.go:3669.33,3671.3 1 1
MikeAustin71/strmechops/strmech/strmech.go:3761.13,3763.33 1 1
MikeAustin71/strmechops/strmech/strmech.go:3767.2,3778.11 5 1
MikeAustin71/strmechops/strmech/strmech.go:3763.33,3765.3 1 1
MikeAustin71/strmechops/strmech/strmech.go:3819.21,3821.33 1 1
MikeAustin71/strmechops/strmech/strmech.go:3825.2,3831.44 4 1
MikeAustin71/strmechops/strmech/strmech.go:3821.33,3823.3 1 0
MikeAustin71/strmechops/strmech/strmech.go:3845.57,3847.33 1 1
MikeAustin71/strmechops/strmech/strmech.go:3851.2,3860.22 4 1
MikeAustin71/strmechops/strmech/strmech.go:3847.33,3849.3 1 0
MikeAustin71/strmechops/strmech/strmechelectron.go:72.9,74.30 1 1
MikeAustin71/strmechops/strmech/strmechelectron.go:78.2,82.22 3 1
MikeAustin71/strmechops/strmech/strmechelectron.go:86.2,90.46 3 1
MikeAustin71/strmechops/strmech/strmechelectron.go:93.2,95.20 2 1
MikeAustin71/strmechops/strmech/strmechelectron.go:100.2,100.18 1 1
MikeAustin71/strmechops/strmech/strmechelectron.go:105.2,105.30 1 1
MikeAustin71/strmechops/strmech/strmechelectron.go:111.2,111.27 1 1
MikeAustin71/strmechops/strmech/strmechelectron.go:116.2,118.22 2 1
MikeAustin71/strmechops/strmech/strmechelectron.go:127.2,127.16 1 1
MikeAustin71/strmechops/strmech/strmechelectron.go:74.30,76.3 1 1
MikeAustin71/strmechops/strmech/strmechelectron.go:82.22,84.3 1 1
MikeAustin71/strmechops/strmech/strmechelectron.go:90.46,92.3 1 1
MikeAustin71/strmechops/strmech/strmechelectron.go:95.20,98.3 1 1
MikeAustin71/strmechops/strmech/strmechelectron.go:100.18,103.3 1 1
MikeAustin71/strmechops/strmech/strmechelectron.go:105.30,109.3 1 1
MikeAustin71/strmechops/strmech/strmechelectron.go:111.27,114.3 1 1
MikeAustin71/strmechops/strmech/strmechelectron.go:118.22,120.28 1 1
MikeAustin71/strmechops/strmech/strmechelectron.go:124.3,124.8 1 1
MikeAustin71/strmechops/strmech/strmechelectron.go:120.28,122.4 1 1
MikeAustin71/strmechops/strmech/strmechelectron.go:178.9,180.30 1 1
MikeAustin71/strmechops/strmech/strmechelectron.go:184.2,188.22 3 1
MikeAustin71/strmechops/strmech/strmechelectron.go:192.2,194.25 2 1
MikeAustin71/strmechops/strmech/strmechelectron.go:201.2,201.26 1 1
MikeAustin71/strmechops/strmech/strmechelectron.go:208.2,216.16 3 1
MikeAustin71/strmechops/strmech/strmechelectron.go:220.2,220.38 1 1
MikeAustin71/strmechops/strmech/strmechelectron.go:180.30,182.3 1 1
MikeAustin71/strmechops/strmech/strmechelectron.go:188.22,190.3 1 1
MikeAustin71/strmechops/strmech/strmechelectron.go:194.25,199.3 1 1
MikeAustin71/strmechops/strmech/strmechelectron.go:201.26,206.3 1 1
MikeAustin71/strmechops/strmech/strmechelectron.go:216.16,218.3 1 0
MikeAustin71/strmechops/strmech/strmechelectron.go:239.13,241.30 1 1
MikeAustin71/strmechops/strmech/strmechelectron.go:245.2,249.22 3 1
MikeAustin71/strmechops/strmech/strmechelectron.go:253.2,258.27 4 1
MikeAustin71/strmechops/strmech/strmechelectron.go:266.2,269.12 3 1
MikeAustin71/strmechops/strmech/strmechelectron.go:278.2,287.24 5 1
MikeAustin71/strmechops/strmech/strmechelectron.go:293.2,297.38 3 1
MikeAustin71/strmechops/strmech/strmechelectron.go:305.2,307.55 2 1
MikeAustin71/strmechops/strmech/strmechelectron.go:312.2,314.26 2 1
MikeAustin71/strmechops/strmech/strmechelectron.go:320.2,320.15 1 1
MikeAustin71/strmechops/strmech/strmechelectron.go:241.30,243.3 1 1
MikeAustin71/strmechops/strmech/strmechelectron.go:249.22,251.3 1 1
MikeAustin71/strmechops/strmech/strmechelectron.go:258.27,264.3 2 0
MikeAustin71/strmechops/strmech/strmechelectron.go:269.12,276.3 3 1
MikeAustin71/strmechops/strmech/strmechelectron.go:287.24,291.3 3 0
MikeAustin71/strmechops/strmech/strmechelectron.go:297.38,300.3 2 1
MikeAustin71/strmechops/strmech/strmechelectron.go:300.8,303.3 2 1
MikeAustin71/strmechops/strmech/strmechelectron.go:307.55,310.3 2 1
MikeAustin71/strmechops/strmech/strmechelectron.go:314.26,316.3 1 1
MikeAustin71/strmechops/strmech/strmechelectron.go:316.8,318.3 1 1
MikeAustin71/strmechops/strmech/strmechelectron.go:359.20,361.30 1 1
MikeAustin71/strmechops/strmech/strmechelectron.go:365.2,374.15 6 1
MikeAustin71/strmechops/strmech/strmechelectron.go:378.2,378.38 1 1
MikeAustin71/strmechops/strmech/strmechelectron.go:382.2,386.35 3 1
MikeAustin71/strmechops/strmech/strmechelectron.go:424.2,426.35 2 1
MikeAustin71/strmechops/strmech/strmechelectron.go:361.30,363.3 1 1
MikeAustin71/strmechops/strmech/strmechelectron.go:374.15,376.3 1 1
MikeAustin71/strmechops/strmech/strmechelectron.go:378.38,380.3 1 1
MikeAustin71/strmechops/strmech/strmechelectron.go:386.35,390.21 1 1
MikeAustin71/strmechops/strmech/strmechelectron.go:421.3,421.44 1 1
MikeAustin71/strmechops/strmech/strmechelectron.go:390.21,392.18 1 1
MikeAustin71/strmechops/strmech/strmechelectron.go:418.4,418.9 1 1
MikeAustin71/strmechops/strmech/strmechelectron.go:392.18,396.34 2 1
MikeAustin71/strmechops/strmech/strmechelectron.go:406.5,406.18 1 1
MikeAustin71/strmechops/strmech/strmechelectron.go:412.5,412.10 1 1
MikeAustin71/strmechops/strmech/strmechelectron.go:396.34,399.24 1 1
MikeAustin71/strmechops/strmech/strmechelectron.go:399.24,400.15 1 1
MikeAustin71/strmechops/strmech/strmechelectron.go:401.12,402.12 1 1
MikeAustin71/strmechops/strmech/strmechelectron.go:406.18,408.6 1 1
MikeAustin71/strmechops/strmech/strmechelectron.go:408.11,410.6 1 1
MikeAustin71/strmechops/strmech/strmechelectron.go:414.10,416.5 1 1
MikeAustin71/strmechops/strmech/strmechelectron.go:476.9,478.30 1 1
MikeAustin71/strmechops/strmech/strmechelectron.go:482.2,486.22 3 1
MikeAustin71/strmechops/strmech/strmechelectron.go:490.2,496.20 4 1
MikeAustin71/strmechops/strmech/strmechelectron.go:503.2,505.25 2 1
MikeAustin71/strmechops/strmech/strmechelectron.go:512.2,512.38 1 1
MikeAustin71/strmechops/strmech/strmechelectron.go:524.2,524.33 1 1
MikeAustin71/strmechops/strmech/strmechelectron.go:547.2,547.20 1 1
MikeAustin71/strmechops/strmech/strmechelectron.go:478.30,480.3 1 1
MikeAustin71/strmechops/strmech/strmechelectron.go:486.22,488.3 1 1
MikeAustin71/strmechops/strmech/strmechelectron.go:496.20,501.3 1 1
MikeAustin71/strmechops/strmech/strmechelectron.go:505.25,510.3 1 1
MikeAustin71/strmechops/strmech/strmechelectron.go:512.38,514.35 1 1
MikeAustin71/strmechops/strmech/strmechelectron.go:514.35,520.4 1 1
MikeAustin71/strmechops/strmech/strmechelectron.go:524.33,528.39 2 1
MikeAustin71/strmechops/strmech/strmechelectron.go:541.3,541.24 1 1
MikeAustin71/strmechops/strmech/strmechelectron.go:528.39,530.48 1 1
MikeAustin71/strmechops/strmech/strmechelectron.go:530.48,532.36 1 1
MikeAustin71/strmechops/strmech/strmechelectron.go:536.5,537.10 2 1
MikeAustin71/strmechops/strmech/strmechelectron.go:532.36,534.6 1 1
MikeAustin71/strmechops/strmech/strmechelectron.go:541.24,543.4 1 1
MikeAustin71/strmechops/strmech/strmechelectron.go:564.9,566.30 1 1
MikeAustin71/strmechops/strmech/strmechelectron.go:570.2,574.22 3 1
MikeAustin71/strmechops/strmech/strmechelectron.go:578.2,580.21 2 1
MikeAustin71/strmechops/strmech/strmechelectron.go:587.2,587.28 1 1
MikeAustin71/strmechops/strmech/strmechelectron.go:595.2,597.39 2 1
MikeAustin71/strmechops/strmech/strmechelectron.go:612.2,612.23 1 1
MikeAustin71/strmechops/strmech/strmechelectron.go:566.30,568.3 1 1
MikeAustin71/strmechops/strmech/strmechelectron.go:574.22,576.3 1 1
MikeAustin71/strmechops/strmech/strmechelectron.go:580.21,585.3 1 1
MikeAustin71/strmechops/strmech/strmechelectron.go:587.28,593.3 1 1
MikeAustin71/strmechops/strmech/strmechelectron.go:597.39,599.20 1 1
MikeAustin71/strmechops/strmech/strmechelectron.go:608.3,608.91 1 1
MikeAustin71/strmechops/strmech/strmechelectron.go:599.20,606.4 1 1
MikeAustin71/strmechops/strmech/strmechelectron.go:663.9,665.30 1 1
MikeAustin71/strmechops/strmech/strmechelectron.go:669.2,673.22 3 1
MikeAustin71/strmechops/strmech/strmechelectron.go:677.2,679.25 2 1
MikeAustin71/strmechops/strmech/strmechelectron.go:686.2,686.32 1 1
MikeAustin71/strmechops/strmech/strmechelectron.go:693.2,701.16 3 1
MikeAustin71/strmechops/strmech/strmechelectron.go:709.2,709.31 1 1
MikeAustin71/strmechops/strmech/strmechelectron.go:665.30,667.3 1 1
MikeAustin71/strmechops/strmech/strmechelectron.go:673.22,675.3 1 1
MikeAustin71/strmechops/strmech/strmechelectron.go:679.25,684.3 1 1
MikeAustin71/strmechops/strmech/strmechelectron.go:686.32,691.3 1 1
MikeAustin71/strmechops/strmech/strmechelectron.go:701.16,707.3 1 1
MikeAustin71/strmechops/strmech/strmechelectron.go:729.13,731.30 1 1
MikeAustin71/strmechops/strmech/strmechelectron.go:735.2,739.22 3 1
MikeAustin71/strmechops/strmech/strmechelectron.go:743.2,748.41 4 1
MikeAustin71/strmechops/strmech/strmechelectron.go:752.2,754.12 2 1
MikeAustin71/strmechops/strmech/strmechelectron.go:765.2,771.25 5 1
MikeAustin71/strmechops/strmech/strmechelectron.go:782.2,786.17 3 1
MikeAustin71/strmechops/strmech/strmechelectron.go:792.2,792.15 1 1
MikeAustin71/strmechops/strmech/strmechelectron.go:731.30,733.3 1 1
MikeAustin71/strmechops/strmech/strmechelectron.go:739.22,741.3 1 1
MikeAustin71/strmechops/strmech/strmechelectron.go:748.41,750.3 1 1
MikeAustin71/strmechops/strmech/strmechelectron.go:754.12,763.3 3 1
MikeAustin71/strmechops/strmech/strmechelectron.go:771.25,773.16 1 1
MikeAustin71/strmechops/strmech/strmechelectron.go:778.3,779.8 2 1
MikeAustin71/strmechops/strmech/strmechelectron.go:773.16,775.9 2 1
MikeAustin71/strmechops/strmech/strmechelectron.go:786.17,788.3 1 1
MikeAustin71/strmechops/strmech/strmechelectron.go:788.8,790.3 1 1
MikeAustin71/strmechops/strmech/strmechmolecule.go:89.9,91.30 1 1
MikeAustin71/strmechops/strmech/strmechmolecule.go:95.2,99.22 3 1
MikeAustin71/strmechops/strmech/strmechmolecule.go:103.2,106.48 3 1
MikeAustin71/strmechops/strmech/strmechmolecule.go:114.2,116.21 2 1
MikeAustin71/strmechops/strmech/strmechmolecule.go:125.2,125.22 1 1
MikeAustin71/strmechops/strmech/strmechmolecule.go:129.2,137.21 5 1
MikeAustin71/strmechops/strmech/strmechmolecule.go:141.2,141.52 1 1
MikeAustin71/strmechops/strmech/strmechmolecule.go:91.30,93.3 1 1
MikeAustin71/strmechops/strmech/strmechmolecule.go:99.22,101.3 1 1
MikeAustin71/strmechops/strmech/strmechmolecule.go:106.48,112.3 1 1
MikeAustin71/strmechops/strmech/strmechmolecule.go:116.21,123.3 1 1
MikeAustin71/strmechops/strmech/strmechmolecule.go:125.22,127.3 1 1
MikeAustin71/strmechops/strmech/strmechmolecule.go:137.21,139.3 1 1
MikeAustin71/strmechops/strmech/strmechmolecule.go:223.9,225.30 1 1
MikeAustin71/strmechops/strmech/strmechmolecule.go:229.2,233.22 3 1
MikeAustin71/strmechops/strmech/strmechmolecule.go:237.2,241.49 3 1
MikeAustin71/strmechops/strmech/strmechmolecule.go:248.2,250.24 2 1
MikeAustin71/strmechops/strmech/strmechmolecule.go:254.2,254.23 1 1
MikeAustin71/strmechops/strmech/strmechmolecule.go:264.2,268.40 3 1
MikeAustin71/strmechops/strmech/strmechmolecule.go:225.30,227.3 1 1
MikeAustin71/strmechops/strmech/strmechmolecule.go:233.22,235.3 1 1
MikeAustin71/strmechops/strmech/strmechmolecule.go:241.49,246.3 1 1
MikeAustin71/strmechops/strmech/strmechmolecule.go:250.24,252.3 1 1
MikeAustin71/strmechops/strmech/strmechmolecule.go:254.23,262.3 1 1
MikeAustin71/strmechops/strmech/strmechmolecule.go:362.9,364.30 1 1
MikeAustin71/strmechops/strmech/strmechmolecule.go:368.2,372.22 3 1
MikeAustin71/strmechops/strmech/strmechmolecule.go:376.2,380.48 3 1
MikeAustin71/strmechops/strmech/strmechmolecule.go:387.2,389.21 2 1
MikeAustin71/strmechops/strmech/strmechmolecule.go:397.2,397.22 1 1
MikeAustin71/strmechops/strmech/strmechmolecule.go:401.2,403.41 2 1
MikeAustin71/strmechops/strmech/strmechmolecule.go:364.30,366.3 1 1
MikeAustin71/strmechops/strmech/strmechmolecule.go:372.22,374.3 1 1
MikeAustin71/strmechops/strmech/strmechmolecule.go:380.48,385.3 1 1
MikeAustin71/strmechops/strmech/strmechmolecule.go:389.21,395.3 1 1
MikeAustin71/strmechops/strmech/strmechmolecule.go:397.22,399.3 1 1
MikeAustin71/strmechops/strmech/strmechmolecule.go:493.9,495.30 1 1
MikeAustin71/strmechops/strmech/strmechmolecule.go:499.2,503.22 3 1
MikeAustin71/strmechops/strmech/strmechmolecule.go:507.2,511.49 3 1
MikeAustin71/strmechops/strmech/strmechmolecule.go:519.2,521.24 2 1
MikeAustin71/strmechops/strmech/strmechmolecule.go:525.2,525.23 1 1
MikeAustin71/strmechops/strmech/strmechmolecule.go:536.2,540.39 3 1
MikeAustin71/strmechops/strmech/strmechmolecule.go:495.30,497.3 1 1
MikeAustin71/strmechops/strmech/strmechmolecule.go:503.22,505.3 1 1
MikeAustin71/strmechops/strmech/strmechmolecule.go:511.49,517.3 1 1
MikeAustin71/strmechops/strmech/strmechmolecule.go:521.24,523.3 1 1
MikeAustin71/strmechops/strmech/strmechmolecule.go:525.23,533.3 1 1
MikeAustin71/strmechops/strmech/strmechsort.go:46.62,48.2 1 1
MikeAustin71/strmechops/strmech/strmechsort.go:54.67,56.2 1 1
MikeAustin71/strmechops/strmech/strmechsort.go:62.72,66.18 3 1
MikeAustin71/strmechops/strmech/strmechsort.go:70.2,70.20 1 1
MikeAustin71/strmechops/strmech/strmechsort.go:66.18,68.3 1 1
MikeAustin71/strmechops/strmech/strmechsort.go:115.61,117.2 1 1
MikeAustin71/strmechops/strmech/strmechsort.go:123.66,125.2 1 1
MikeAustin71/strmechops/strmech/strmechsort.go:131.71,135.18 3 1
MikeAustin71/strmechops/strmech/strmechsort.go:139.2,139.20 1 1
MikeAustin71/strmechops/strmech/strmechsort.go:135.18,137.3 1 1
MikeAustin71/strmechops/strmech/strmechquark.go:78.13,80.27 1 1
MikeAustin71/strmechops/strmech/strmechquark.go:84.2,88.22 3 1
MikeAustin71/strmechops/strmech/strmechquark.go:92.2,96.31 3 1
MikeAustin71/strmechops/strmech/strmechquark.go:105.2,108.44 3 1
MikeAustin71/strmechops/strmech/strmechquark.go:161.2,161.24 1 1
MikeAustin71/strmechops/strmech/strmechquark.go:80.27,82.3 1 1
MikeAustin71/strmechops/strmech/strmechquark.go:88.22,90.3 1 1
MikeAustin71/strmechops/strmech/strmechquark.go:96.31,103.3 2 1
MikeAustin71/strmechops/strmech/strmechquark.go:108.44,111.16 2 1
MikeAustin71/strmechops/strmech/strmechquark.go:112.10,113.27 1 1
MikeAustin71/strmechops/strmech/strmechquark.go:114.10,115.26 1 1
MikeAustin71/strmechops/strmech/strmechquark.go:116.10,117.26 1 1
MikeAustin71/strmechops/strmech/strmechquark.go:118.10,119.26 1 1
MikeAustin71/strmechops/strmech/strmechquark.go:120.10,121.26 1 1
MikeAustin71/strmechops/strmech/strmechquark.go:122.10,123.26 1 1
MikeAustin71/strmechops/strmech/strmechquark.go:124.10,125.26 1 1
MikeAustin71/strmechops/strmech/strmechquark.go:126.13,127.24 1 1
MikeAustin71/strmechops/strmech/strmechquark.go:128.13,129.24 1 1
MikeAustin71/strmechops/strmech/strmechquark.go:130.13,131.24 1 1
MikeAustin71/strmechops/strmech/strmechquark.go:132.13,133.24 1 1
MikeAustin71/strmechops/strmech/strmechquark.go:134.13,135.24 1 1
MikeAustin71/strmechops/strmech/strmechquark.go:136.13,137.24 1 1
MikeAustin71/strmechops/strmech/strmechquark.go:138.13,139.24 1 1
MikeAustin71/strmechops/strmech/strmechquark.go:140.11,141.25 1 1
MikeAustin71/strmechops/strmech/strmechquark.go:142.11,143.25 1 1
MikeAustin71/strmechops/strmech/strmechquark.go:144.13,145.23 1 1
MikeAustin71/strmechops/strmech/strmechquark.go:146.12,148.20 1 1
MikeAustin71/strmechops/strmech/strmechquark.go:154.11,155.22 1 1
MikeAustin71/strmechops/strmech/strmechquark.go:148.20,150.5 1 1
MikeAustin71/strmechops/strmech/strmechquark.go:150.10,152.5 1 1
MikeAustin71/strmechops/strmech/strmechquark.go:170.22,172.27 1 1
MikeAustin71/strmechops/strmech/strmechquark.go:176.2,181.21 4 1
MikeAustin71/strmechops/strmech/strmechquark.go:185.2,187.29 2 1
MikeAustin71/strmechops/strmech/strmechquark.go:191.2,191.14 1 1
MikeAustin71/strmechops/strmech/strmechquark.go:172.27,174.3 1 1
MikeAustin71/strmechops/strmech/strmechquark.go:181.21,183.3 1 1
MikeAustin71/strmechops/strmech/strmechquark.go:187.29,189.3 1 1
MikeAustin71/strmechops/strmech/strmechquark.go:218.9,220.27 1 1
MikeAustin71/strmechops/strmech/strmechquark.go:224.2,228.22 3 1
MikeAustin71/strmechops/strmech/strmechquark.go:232.2,236.23 3 1
MikeAustin71/strmechops/strmech/strmechquark.go:243.2,243.18 1 1
MikeAustin71/strmechops/strmech/strmechquark.go:250.2,250.16 1 1
MikeAustin71/strmechops/strmech/strmechquark.go:257.2,257.28 1 1
MikeAustin71/strmechops/strmech/strmechquark.go:266.2,266.23 1 1
MikeAustin71/strmechops/strmech/strmechquark.go:274.2,276.21 2 1
MikeAustin71/strmechops/strmech/strmechquark.go:285.2,285.16 1 1
MikeAustin71/strmechops/strmech/strmechquark.go:220.27,222.3 1 1
MikeAustin71/strmechops/strmech/strmechquark.go:228.22,230.3 1 1
MikeAustin71/strmechops/strmech/strmechquark.go:236.23,241.3 1 1
MikeAustin71/strmechops/strmech/strmechquark.go:243.18,248.3 1 1
MikeAustin71/strmechops/strmech/strmechquark.go:250.16,255.3 1 1
MikeAustin71/strmechops/strmech/strmechquark.go:257.28,264.3 1 1
MikeAustin71/strmechops/strmech/strmechquark.go:266.23,272.3 1 1
MikeAustin71/strmechops/strmech/strmechquark.go:276.21,278.31 1 1
MikeAustin71/strmechops/strmech/strmechquark.go:282.3,282.11 1 1
MikeAustin71/strmechops/strmech/strmechquark.go:278.31,280.4 1 1
MikeAustin71/strmechops/strmech/strmechquark.go:365.9,367.27 1 1
MikeAustin71/strmechops/strmech/strmechquark.go:371.2,375.22 3 1
MikeAustin71/strmechops/strmech/strmechquark.go:379.2,383.23 3 1
MikeAustin71/strmechops/strmech/strmechquark.go:390.2,390.18 1 1
MikeAustin71/strmechops/strmech/strmechquark.go:397.2,397.16 1 1
MikeAustin71/strmechops/strmech/strmechquark.go:404.2,404.28 1 1
MikeAustin71/strmechops/strmech/strmechquark.go:414.2,414.23 1 1
MikeAustin71/strmechops/strmech/strmechquark.go:422.2,422.25 1 1
MikeAustin71/strmechops/strmech/strmechquark.go:431.2,431.16 1 1
MikeAustin71/strmechops/strmech/strmechquark.go:367.27,369.3 1 1
MikeAustin71/strmechops/strmech/strmechquark.go:375.22,377.3 1 1
MikeAustin71/strmechops/strmech/strmechquark.go:383.23,388.3 1 1
MikeAustin71/strmechops/strmech/strmechquark.go:390.18,395.3 1 1
MikeAustin71/strmechops/strmech/strmechquark.go:397.16,402.3 1 1
MikeAustin71/strmechops/strmech/strmechquark.go:404.28,412.3 1 1
MikeAustin71/strmechops/strmech/strmechquark.go:414.23,420.3 1 1
MikeAustin71/strmechops/strmech/strmechquark.go:422.25,424.31 1 1
MikeAustin71/strmechops/strmech/strmechquark.go:428.3,428.11 1 1
MikeAustin71/strmechops/strmech/strmechquark.go:424.31,426.4 1 1
MikeAustin71/strmechops/strmech/strmechquark.go:554.13,556.27 1 1
MikeAustin71/strmechops/strmech/strmechquark.go:560.2,564.22 3 1
MikeAustin71/strmechops/strmech/strmechquark.go:568.2,577.23 7 1
MikeAustin71/strmechops/strmech/strmechquark.go:590.2,590.20 1 1
MikeAustin71/strmechops/strmech/strmechquark.go:604.2,604.18 1 1
MikeAustin71/strmechops/strmech/strmechquark.go:618.2,618.30 1 1
MikeAustin71/strmechops/strmech/strmechquark.go:635.2,635.27 1 1
MikeAustin71/strmechops/strmech/strmechquark.go:649.2,659.28 7 1
MikeAustin71/strmechops/strmech/strmechquark.go:681.2,681.24 1 1
MikeAustin71/strmechops/strmech/strmechquark.go:708.2,708.17 1 1
MikeAustin71/strmechops/strmech/strmechquark.go:720.2,720.18 1 1
MikeAustin71/strmechops/strmech/strmechquark.go:732.2,738.6 2 1
MikeAustin71/strmechops/strmech/strmechquark.go:556.27,558.3 1 1
MikeAustin71/strmechops/strmech/strmechquark.go:564.22,566.3 1 1
MikeAustin71/strmechops/strmech/strmechquark.go:577.23,588.3 2 1
MikeAustin71/strmechops/strmech/strmechquark.go:590.20,602.3 2 1
MikeAustin71/strmechops/strmech/strmechquark.go:604.18,616.3 2 1
MikeAustin71/strmechops/strmech/strmechquark.go:618.30,633.3 2 1
MikeAustin71/strmechops/strmech/strmechquark.go:635.27,647.3 2 1
MikeAustin71/strmechops/strmech/strmechquark.go:659.28,664.35 3 1
MikeAustin71/strmechops/strmech/strmechquark.go:672.3,678.7 2 1
MikeAustin71/strmechops/strmech/strmechquark.go:664.35,667.4 2 1
MikeAustin71/strmechops/strmech/strmechquark.go:667.9,670.4 2 1
MikeAustin71/strmechops/strmech/strmechquark.go:681.24,683.28 1 1
MikeAustin71/strmechops/strmech/strmechquark.go:689.3,690.26 1 1
MikeAustin71/strmechops/strmech/strmechquark.go:698.3,699.26 1 1
MikeAustin71/strmechops/strmech/strmechquark.go:705.3,705.8 1 1
MikeAustin71/strmechops/strmech/strmechquark.go:683.28,685.4 1 1
MikeAustin71/strmechops/strmech/strmechquark.go:685.9,687.4 1 1
MikeAustin71/strmechops/strmech/strmechquark.go:690.26,695.12 4 1
MikeAustin71/strmechops/strmech/strmechquark.go:699.26,702.9 2 1
MikeAustin71/strmechops/strmech/strmechquark.go:708.17,718.3 5 1
MikeAustin71/strmechops/strmech/strmechquark.go:720.18,730.3 5 1
MikeAustin71/strmechops/strmech/strmechquark.go:755.22,757.27 1 1
MikeAustin71/strmechops/strmech/strmechquark.go:761.2,767.38 4 1
MikeAustin71/strmechops/strmech/strmechquark.go:757.27,759.3 1 1
MikeAustin71/strmechops/strmech/strmechquark.go:801.24,803.27 1 1
MikeAustin71/strmechops/strmech/strmechquark.go:807.2,811.31 3 1
MikeAustin71/strmechops/strmech/strmechquark.go:803.27,805.3 1 1
MikeAustin71/strmechops/strmech/strmechquark.go:843.24,845.27 1 1
MikeAustin71/strmechops/strmech/strmechquark.go:849.2,853.42 3 1
MikeAustin71/strmechops/strmech/strmechquark.go:845.27,847.3 1 1
MikeAustin71/strmechops/strmech/strmechquark.go:913.9,915.27 1 1
MikeAustin71/strmechops/strmech/strmechquark.go:919.2,929.25 6 1
MikeAustin71/strmechops/strmech/strmechquark.go:936.2,938.24 2 1
MikeAustin71/strmechops/strmech/strmechquark.go:945.2,945.38 1 1
MikeAustin71/strmechops/strmech/strmechquark.go:956.2,956.20 1 1
MikeAustin71/strmechops/strmech/strmechquark.go:915.27,917.3 1 1
MikeAustin71/strmechops/strmech/strmechquark.go:929.25,934.3 1 1
MikeAustin71/strmechops/strmech/strmechquark.go:938.24,943.3 1 1
MikeAustin71/strmechops/strmech/strmechquark.go:945.38,947.38 1 1
MikeAustin71/strmechops/strmech/strmechquark.go:947.38,948.39 1 1
MikeAustin71/strmechops/strmech/strmechquark.go:948.39,950.10 2 1
MikeAustin71/strmechops/strmech/strmechquark.go:1012.9,1014.27 1 1
MikeAustin71/strmechops/strmech/strmechquark.go:1018.2,1022.22 3 1
MikeAustin71/strmechops/strmech/strmechquark.go:1026.2,1032.25 4 1
MikeAustin71/strmechops/strmech/strmechquark.go:1039.2,1041.24 2 1
MikeAustin71/strmechops/strmech/strmechquark.go:1048.2,1048.38 1 1
MikeAustin71/strmechops/strmech/strmechquark.go:1058.2,1058.20 1 1
MikeAustin71/strmechops/strmech/strmechquark.go:1014.27,1016.3 1 1
MikeAustin71/strmechops/strmech/strmechquark.go:1022.22,1024.3 1 1
MikeAustin71/strmechops/strmech/strmechquark.go:1032.25,1037.3 1 1
MikeAustin71/strmechops/strmech/strmechquark.go:1041.24,1046.3 1 1
MikeAustin71/strmechops/strmech/strmechquark.go:1048.38,1050.38 1 1
MikeAustin71/strmechops/strmech/strmechquark.go:1050.38,1051.39 1 1
MikeAustin71/strmechops/strmech/strmechquark.go:1051.39,1053.10 2 1
MikeAustin71/strmechops/strmech/strmechquark.go:1065.25,1067.27 1 1
MikeAustin71/strmechops/strmech/strmechquark.go:1071.2,1077.33 4 1
MikeAustin71/strmechops/strmech/strmechquark.go:1083.2,1083.13 1 1
MikeAustin71/strmechops/strmech/strmechquark.go:1067.27,1069.3 1 1
MikeAustin71/strmechops/strmech/strmechquark.go:1077.33,1078.26 1 1
MikeAustin71/strmechops/strmech/strmechquark.go:1078.26,1080.4 1 1
MikeAustin71/strmechops/strmech/strmechquark.go:1090.21,1092.27 1 1
MikeAustin71/strmechops/strmech/strmechquark.go:1096.2,1100.19 3 1
MikeAustin71/strmechops/strmech/strmechquark.go:1104.2,1106.36 2 1
MikeAustin71/strmechops/strmech/strmechquark.go:1129.2,1129.24 1 1
MikeAustin71/strmechops/strmech/strmechquark.go:1092.27,1094.3 1 1
MikeAustin71/strmechops/strmech/strmechquark.go:1100.19,1102.3 1 1
MikeAustin71/strmechops/strmech/strmechquark.go:1106.36,1108.24 1 1
MikeAustin71/strmechops/strmech/strmechquark.go:1112.3,1114.22 1 1
MikeAustin71/strmechops/strmech/strmechquark.go:1108.24,1109.12 1 1
MikeAustin71/strmechops/strmech/strmechquark.go:1114.22,1118.9 2 1
MikeAustin71/strmechops/strmech/strmechquark.go:1120.9,1122.22 1 1
MikeAustin71/strmechops/strmech/strmechquark.go:1122.22,1124.9 1 1
MikeAustin71/strmechops/strmech/strmechquark.go:1193.9,1195.27 1 1
MikeAustin71/strmechops/strmech/strmechquark.go:1199.2,1203.22 3 1
MikeAustin71/strmechops/strmech/strmechquark.go:1207.2,1209.16 2 1
MikeAustin71/strmechops/strmech/strmechquark.go:1215.2,1215.19 1 1
MikeAustin71/strmechops/strmech/strmechquark.go:1221.2,1224.30 3 1
MikeAustin71/strmechops/strmech/strmechquark.go:1238.2,1238.24 1 1
MikeAustin71/strmechops/strmech/strmechquark.go:1195.27,1197.3 1 1
MikeAustin71/strmechops/strmech/strmechquark.go:1203.22,1205.3 1 1
MikeAustin71/strmechops/strmech/strmechquark.go:1209.16,1213.3 1 1
MikeAustin71/strmechops/strmech/strmechquark.go:1215.19,1219.3 1 1
MikeAustin71/strmechops/strmech/strmechquark.go:1224.30,1228.17 2 1
MikeAustin71/strmechops/strmech/strmechquark.go:1228.17,1235.4 1 0
MikeAustin71/strmechops/strmech/strmechquark.go:1314.13,1316.27 1 1
MikeAustin71/strmechops/strmech/strmechquark.go:1320.2,1324.22 3 1
MikeAustin71/strmechops/strmech/strmechquark.go:1328.2,1330.25 2 1
MikeAustin71/strmechops/strmech/strmechquark.go:1337.2,1337.23 1 1
MikeAustin71/strmechops/strmech/strmechquark.go:1345.2,1345.32 1 1
MikeAustin71/strmechops/strmech/strmechquark.go:1352.2,1354.30 2 1
MikeAustin71/strmechops/strmech/strmechquark.go:1370.2,1372.36 2 1
MikeAustin71/strmechops/strmech/strmechquark.go:1316.27,1318.3 1 1
MikeAustin71/strmechops/strmech/strmechquark.go:1324.22,1326.3 1 1
MikeAustin71/strmechops/strmech/strmechquark.go:1330.25,1335.3 2 1
MikeAustin71/strmechops/strmech/strmechquark.go:1337.23,1343.3 2 1
MikeAustin71/strmechops/strmech/strmechquark.go:1345.32,1350.3 2 1
MikeAustin71/strmechops/strmech/strmechquark.go:1354.30,1357.44 1 1
MikeAustin71/strmechops/strmech/strmechquark.go:1362.3,1362.24 1 1
MikeAustin71/strmechops/strmech/strmechquark.go:1367.3,1367.35 1 1
MikeAustin71/strmechops/strmech/strmechquark.go:1357.44,1359.12 2 1
MikeAustin71/strmechops/strmech/strmechquark.go:1362.24,1364.12 2 1
MikeAustin71/strmechops/strmech/strmechquark.go:1448.9,1450.27 1 1
MikeAustin71/strmechops/strmech/strmechquark.go:1454.2,1458.22 3 1
MikeAustin71/strmechops/strmech/strmechquark.go:1462.2,1465.27 3 1
MikeAustin71/strmechops/strmech/strmechquark.go:1473.2,1473.28 1 1
MikeAustin71/strmechops/strmech/strmechquark.go:1481.2,1481.25 1 1
MikeAustin71/strmechops/strmech/strmechquark.go:1485.2,1495.40 8 1
MikeAustin71/strmechops/strmech/strmechquark.go:1526.2,1526.42 1 1
MikeAustin71/strmechops/strmech/strmechquark.go:1450.27,1452.3 1 1
MikeAustin71/strmechops/strmech/strmechquark.go:1458.22,1460.3 1 0
MikeAustin71/strmechops/strmech/strmechquark.go:1465.27,1471.3 2 0
MikeAustin71/strmechops/strmech/strmechquark.go:1473.28,1479.3 2 0
MikeAustin71/strmechops/strmech/strmechquark.go:1481.25,1483.3 1 1
MikeAustin71/strmechops/strmech/strmechquark.go:1495.40,1499.33 1 1
MikeAustin71/strmechops/strmech/strmechquark.go:1499.33,1503.40 2 1
MikeAustin71/strmechops/strmech/strmechquark.go:1512.4,1512.42 1 1
MikeAustin71/strmechops/strmech/strmechquark.go:1519.4,1519.12 1 1
MikeAustin71/strmechops/strmech/strmechquark.go:1503.40,1505.53 1 0
MikeAustin71/strmechops/strmech/strmechquark.go:1505.53,1507.6 1 0
MikeAustin71/strmechops/strmech/strmechquark.go:1507.11,1508.11 1 0
MikeAustin71/strmechops/strmech/strmechquark.go:1512.42,1515.5 2 1
MikeAustin71/strmechops/strmech/strmechquark.go:1515.10,1517.5 1 0
MikeAustin71/strmechops/strmech/strmechquark.go:1521.9,1523.4 1 1
MikeAustin71/strmechops/strmech/strmechquark.go:1590.9,1592.27 1 1
MikeAustin71/strmechops/strmech/strmechquark.go:1596.2,1600.22 3 1
MikeAustin71/strmechops/strmech/strmechquark.go:1604.2,1610.20 4 1
MikeAustin71/strmechops/strmech/strmechquark.go:1617.2,1619.25 2 1
MikeAustin71/strmechops/strmech/strmechquark.go:1626.2,1626.38 1 1
MikeAustin71/strmechops/strmech/strmechquark.go:1639.2,1639.33 1 1
MikeAustin71/strmechops/strmech/strmechquark.go:1662.2,1662.20 1 1
MikeAustin71/strmechops/strmech/strmechquark.go:1592.27,1594.3 1 1
MikeAustin71/strmechops/strmech/strmechquark.go:1600.22,1602.3 1 1
MikeAustin71/strmechops/strmech/strmechquark.go:1610.20,1615.3 1 1
MikeAustin71/strmechops/strmech/strmechquark.go:1619.25,1624.3 1 1
MikeAustin71/strmechops/strmech/strmechquark.go:1626.38,1628.35 1 1
MikeAustin71/strmechops/strmech/strmechquark.go:1628.35,1635.4 1 1
MikeAustin71/strmechops/strmech/strmechquark.go:1639.33,1643.39 2 1
MikeAustin71/strmechops/strmech/strmechquark.go:1656.3,1656.24 1 1
MikeAustin71/strmechops/strmech/strmechquark.go:1643.39,1645.48 1 1
MikeAustin71/strmechops/strmech/strmechquark.go:1645.48,1647.36 1 1
MikeAustin71/strmechops/strmech/strmechquark.go:1651.5,1652.10 2 1
MikeAustin71/strmechops/strmech/strmechquark.go:1647.36,1649.6 1 1
MikeAustin71/strmechops/strmech/strmechquark.go:1656.24,1658.4 1 1
MikeAustin71/strmechops/strmech/strmechquark.go:1745.9,1747.27 1 1
MikeAustin71/strmechops/strmech/strmechquark.go:1751.2,1755.22 3 1
MikeAustin71/strmechops/strmech/strmechquark.go:1759.2,1762.25 3 1
MikeAustin71/strmechops/strmech/strmechquark.go:1769.2,1769.24 1 1
MikeAustin71/strmechops/strmech/strmechquark.go:1777.2,1777.26 1 1
MikeAustin71/strmechops/strmech/strmechquark.go:1785.2,1785.31 1 1
MikeAustin71/strmechops/strmech/strmechquark.go:1792.2,1796.30 3 1
MikeAustin71/strmechops/strmech/strmechquark.go:1810.2,1810.50 1 1
MikeAustin71/strmechops/strmech/strmechquark.go:1747.27,1749.3 1 1
MikeAustin71/strmechops/strmech/strmechquark.go:1755.22,1757.3 1 1
MikeAustin71/strmechops/strmech/strmechquark.go:1762.25,1767.3 2 1
MikeAustin71/strmechops/strmech/strmechquark.go:1769.24,1775.3 2 1
MikeAustin71/strmechops/strmech/strmechquark.go:1777.26,1783.3 2 1
MikeAustin71/strmechops/strmech/strmechquark.go:1785.31,1790.3 2 0
MikeAustin71/strmechops/strmech/strmechquark.go:1796.30,1799.46 1 1
MikeAustin71/strmechops/strmech/strmechquark.go:1803.3,1803.25 1 1
MikeAustin71/strmechops/strmech/strmechquark.go:1799.46,1800.9 1 1
MikeAustin71/strmechops/strmech/strmechquark.go:1803.25,1806.4 2 1
MikeAustin71/strmechops/strmech/strmechquark.go:1894.9,1896.27 1 1
MikeAustin71/strmechops/strmech/strmechquark.go:1900.2,1904.22 3 1
MikeAustin71/strmechops/strmech/strmechquark.go:1908.2,1914.27 4 1
MikeAustin71/strmechops/strmech/strmechquark.go:1922.2,1922.28 1 1
MikeAustin71/strmechops/strmech/strmechquark.go:1930.2,1930.30 1 1
MikeAustin71/strmechops/strmech/strmechquark.go:1938.2,1938.29 1 1
MikeAustin71/strmechops/strmech/strmechquark.go:1942.2,1953.40 9 1
MikeAustin71/strmechops/strmech/strmechquark.go:1987.2,1987.46 1 1
MikeAustin71/strmechops/strmech/strmechquark.go:1896.27,1898.3 1 1
MikeAustin71/strmechops/strmech/strmechquark.go:1904.22,1906.3 1 0
MikeAustin71/strmechops/strmech/strmechquark.go:1914.27,1920.3 2 0
MikeAustin71/strmechops/strmech/strmechquark.go:1922.28,1928.3 2 0
MikeAustin71/strmechops/strmech/strmechquark.go:1930.30,1936.3 2 0
MikeAustin71/strmechops/strmech/strmechquark.go:1938.29,1940.3 1 1
MikeAustin71/strmechops/strmech/strmechquark.go:1953.40,1957.41 1 1
MikeAustin71/strmechops/strmech/strmechquark.go:1957.41,1961.40 2 1
MikeAustin71/strmechops/strmech/strmechquark.go:1970.4,1970.42 1 1
MikeAustin71/strmechops/strmech/strmechquark.go:1980.4,1980.12 1 1
MikeAustin71/strmechops/strmech/strmechquark.go:1961.40,1963.45 1 0
MikeAustin71/strmechops/strmech/strmechquark.go:1963.45,1965.6 1 0
MikeAustin71/strmechops/strmech/strmechquark.go:1965.11,1966.11 1 0
MikeAustin71/strmechops/strmech/strmechquark.go:1970.42,1976.5 3 1
MikeAustin71/strmechops/strmech/strmechquark.go:1976.10,1978.5 1 0
MikeAustin71/strmechops/strmech/strmechquark.go:1982.9,1984.4 1 1
MikeAustin71/strmechops/strmech/strmechquark.go:2054.14,2056.27 1 1
MikeAustin71/strmechops/strmech/strmechquark.go:2060.2,2067.17 5 1
MikeAustin71/strmechops/strmech/strmechquark.go:2071.2,2073.22 2 1
MikeAustin71/strmechops/strmech/strmechquark.go:2077.2,2082.6 4 1
MikeAustin71/strmechops/strmech/strmechquark.go:2125.2,2125.25 1 1
MikeAustin71/strmechops/strmech/strmechquark.go:2056.27,2058.3 1 1
MikeAustin71/strmechops/strmech/strmechquark.go:2067.17,2069.3 1 1
MikeAustin71/strmechops/strmech/strmechquark.go:2073.22,2075.3 1 1
MikeAustin71/strmechops/strmech/strmechquark.go:2082.6,2086.36 2 1
MikeAustin71/strmechops/strmech/strmechquark.go:2118.3,2118.51 1 1
MikeAustin71/strmechops/strmech/strmechquark.go:2086.36,2088.8 1 1
MikeAustin71/strmechops/strmech/strmechquark.go:2111.4,2113.19 2 1
MikeAustin71/strmechops/strmech/strmechquark.go:2088.8,2092.25 2 1
MikeAustin71/strmechops/strmech/strmechquark.go:2096.5,2100.34 4 1
MikeAustin71/strmechops/strmech/strmechquark.go:2108.5,2108.32 1 1
MikeAustin71/strmechops/strmech/strmechquark.go:2092.25,2093.11 1 1
MikeAustin71/strmechops/strmech/strmechquark.go:2100.34,2103.6 1 0
MikeAustin71/strmechops/strmech/strmechquark.go:2103.11,2106.6 1 1
MikeAustin71/strmechops/strmech/strmechquark.go:2113.19,2114.14 1 0
MikeAustin71/strmechops/strmech/strmechquark.go:2118.51,2119.13 1 1
MikeAustin71/strmechops/strmech/strmechquark.go:2207.14,2209.27 1 1
MikeAustin71/strmechops/strmech/strmechquark.go:2213.2,2222.22 6 1
MikeAustin71/strmechops/strmech/strmechquark.go:2226.2,2226.17 1 1
MikeAustin71/strmechops/strmech/strmechquark.go:2230.2,2235.6 4 1
MikeAustin71/strmechops/strmech/strmechquark.go:2266.2,2266.25 1 1
MikeAustin71/strmechops/strmech/strmechquark.go:2209.27,2211.3 1 1
MikeAustin71/strmechops/strmech/strmechquark.go:2222.22,2224.3 1 1
MikeAustin71/strmechops/strmech/strmechquark.go:2226.17,2228.3 1 1
MikeAustin71/strmechops/strmech/strmechquark.go:2235.6,2239.36 2 1
MikeAustin71/strmechops/strmech/strmechquark.go:2259.3,2259.51 1 1
MikeAustin71/strmechops/strmech/strmechquark.go:2239.36,2241.8 1 1
MikeAustin71/strmechops/strmech/strmechquark.go:2252.4,2254.19 2 1
MikeAustin71/strmechops/strmech/strmechquark.go:2241.8,2243.50 1 1
MikeAustin71/strmechops/strmech/strmechquark.go:2247.5,2249.32 2 1
MikeAustin71/strmechops/strmech/strmechquark.go:2243.50,2244.11 1 1
MikeAustin71/strmechops/strmech/strmechquark.go:2254.19,2255.14 1 0
MikeAustin71/strmechops/strmech/strmechquark.go:2259.51,2260.13 1 1
MikeAustin71/strmechops/strmech/strmechquark.go:2352.14,2354.27 1 1
MikeAustin71/strmechops/strmech/strmechquark.go:2358.2,2367.22 6 1
MikeAustin71/strmechops/strmech/strmechquark.go:2371.2,2371.17 1 1
MikeAustin71/strmechops/strmech/strmechquark.go:2375.2,2378.6 3 1
MikeAustin71/strmechops/strmech/strmechquark.go:2417.2,2417.25 1 1
MikeAustin71/strmechops/strmech/strmechquark.go:2354.27,2356.3 1 1
MikeAustin71/strmechops/strmech/strmechquark.go:2367.22,2369.3 1 1
MikeAustin71/strmechops/strmech/strmechquark.go:2371.17,2373.3 1 1
MikeAustin71/strmechops/strmech/strmechquark.go:2378.6,2382.36 2 1
MikeAustin71/strmechops/strmech/strmechquark.go:2403.3,2405.18 2 1
MikeAustin71/strmechops/strmech/strmechquark.go:2409.3,2409.51 1 1
MikeAustin71/strmechops/strmech/strmechquark.go:2382.36,2384.8 1 1
MikeAustin71/strmechops/strmech/strmechquark.go:2398.4,2398.26 1 1
MikeAustin71/strmechops/strmech/strmechquark.go:2384.8,2386.50 1 1
MikeAustin71/strmechops/strmech/strmechquark.go:2390.5,2394.32 3 1
MikeAustin71/strmechops/strmech/strmechquark.go:2386.50,2387.11 1 1
MikeAustin71/strmechops/strmech/strmechquark.go:2398.26,2399.14 1 0
MikeAustin71/strmechops/strmech/strmechquark.go:2405.18,2406.13 1 0
MikeAustin71/strmechops/strmech/strmechquark.go:2409.51,2410.13 1 1
MikeAustin71/strmechops/strmech/strmechquark.go:2526.9,2528.27 1 1
MikeAustin71/strmechops/strmech/strmechquark.go:2532.2,2536.22 3 1
MikeAustin71/strmechops/strmech/strmechquark.go:2540.2,2542.21 2 1
MikeAustin71/strmechops/strmech/strmechquark.go:2546.2,2546.23 1 1
MikeAustin71/strmechops/strmech/strmechquark.go:2550.2,2555.29 4 1
MikeAustin71/strmechops/strmech/strmechquark.go:2568.2,2568.41 1 1
MikeAustin71/strmechops/strmech/strmechquark.go:2528.27,2530.3 1 1
MikeAustin71/strmechops/strmech/strmechquark.go:2536.22,2538.3 1 1
MikeAustin71/strmechops/strmech/strmechquark.go:2542.21,2544.3 1 1
MikeAustin71/strmechops/strmech/strmechquark.go:2546.23,2548.3 1 1
MikeAustin71/strmechops/strmech/strmechquark.go:2555.29,2557.37 1 1
MikeAustin71/strmechops/strmech/strmechquark.go:2561.3,2561.25 1 1
MikeAustin71/strmechops/strmech/strmechquark.go:2557.37,2558.9 1 0
MikeAustin71/strmechops/strmech/strmechquark.go:2561.25,2564.4 2 1
MikeAustin71/strmechops/strmech/strmechquark.go:2649.13,2651.27 1 1
MikeAustin71/strmechops/strmech/strmechquark.go:2655.2,2659.22 3 1
MikeAustin71/strmechops/strmech/strmechquark.go:2663.2,2668.21 4 1
MikeAustin71/strmechops/strmech/strmechquark.go:2676.2,2676.19 1 1
MikeAustin71/strmechops/strmech/strmechquark.go:2684.2,2691.37 7 1
MikeAustin71/strmechops/strmech/strmechquark.go:2710.2,2710.25 1 1
MikeAustin71/strmechops/strmech/strmechquark.go:2714.2,2714.32 1 1
MikeAustin71/strmechops/strmech/strmechquark.go:2718.2,2721.18 3 1
MikeAustin71/strmechops/strmech/strmechquark.go:2651.27,2653.3 1 1
MikeAustin71/strmechops/strmech/strmechquark.go:2659.22,2661.3 1 1
MikeAustin71/strmechops/strmech/strmechquark.go:2668.21,2674.3 2 1
MikeAustin71/strmechops/strmech/strmechquark.go:2676.19,2682.3 2 1
MikeAustin71/strmechops/strmech/strmechquark.go:2691.37,2693.45 1 1
MikeAustin71/strmechops/strmech/strmechquark.go:2697.3,2697.60 1 1
MikeAustin71/strmechops/strmech/strmechquark.go:2701.3,2701.36 1 1
MikeAustin71/strmechops/strmech/strmechquark.go:2705.3,2707.8 3 1
MikeAustin71/strmechops/strmech/strmechquark.go:2693.45,2694.12 1 1
MikeAustin71/strmechops/strmech/strmechquark.go:2697.60,2698.12 1 1
MikeAustin71/strmechops/strmech/strmechquark.go:2701.36,2702.12 1 1
MikeAustin71/strmechops/strmech/strmechquark.go:2710.25,2712.3 1 1
MikeAustin71/strmechops/strmech/strmechquark.go:2714.32,2716.3 1 0
MikeAustin71/strmechops/strmech/strmechquark.go:2798.13,2800.27 1 1
MikeAustin71/strmechops/strmech/strmechquark.go:2804.2,2808.22 3 1
MikeAustin71/strmechops/strmech/strmechquark.go:2812.2,2819.23 5 1
MikeAustin71/strmechops/strmech/strmechquark.go:2827.2,2827.19 1 1
MikeAustin71/strmechops/strmech/strmechquark.go:2835.2,2838.21 3 1
MikeAustin71/strmechops/strmech/strmechquark.go:2852.2,2852.30 1 1
MikeAustin71/strmechops/strmech/strmechquark.go:2859.2,2862.21 3 1
MikeAustin71/strmechops/strmech/strmechquark.go:2871.2,2871.17 1 1
MikeAustin71/strmechops/strmech/strmechquark.go:2876.2,2879.18 3 1
MikeAustin71/strmechops/strmech/strmechquark.go:2800.27,2802.3 1 1
MikeAustin71/strmechops/strmech/strmechquark.go:2808.22,2810.3 1 1
MikeAustin71/strmechops/strmech/strmechquark.go:2819.23,2825.3 2 1
MikeAustin71/strmechops/strmech/strmechquark.go:2827.19,2833.3 2 1
MikeAustin71/strmechops/strmech/strmechquark.go:2838.21,2840.44 1 1
MikeAustin71/strmechops/strmech/strmechquark.go:2846.3,2846.31 1 1
MikeAustin71/strmechops/strmech/strmechquark.go:2840.44,2842.4 1 1
MikeAustin71/strmechops/strmech/strmechquark.go:2842.9,2844.4 1 1
MikeAustin71/strmechops/strmech/strmechquark.go:2846.31,2849.4 2 1
MikeAustin71/strmechops/strmech/strmechquark.go:2852.30,2857.3 2 0
MikeAustin71/strmechops/strmech/strmechquark.go:2862.21,2864.43 1 1
MikeAustin71/strmechops/strmech/strmechquark.go:2864.43,2866.4 1 1
MikeAustin71/strmechops/strmech/strmechquark.go:2866.9,2868.4 1 1
MikeAustin71/strmechops/strmech/strmechquark.go:2871.17,2874.3 2 0
MikeAustin71/strmechops/strmech/strmechquark.go:2920.21,2922.27 1 1
MikeAustin71/strmechops/strmech/strmechquark.go:2926.2,2930.19 3 1
MikeAustin71/strmechops/strmech/strmechquark.go:2934.2,2936.37 2 1
MikeAustin71/strmechops/strmech/strmechquark.go:2956.2,2956.25 1 1
MikeAustin71/strmechops/strmech/strmechquark.go:2922.27,2924.3 1 1
MikeAustin71/strmechops/strmech/strmechquark.go:2930.19,2932.3 1 1
MikeAustin71/strmechops/strmech/strmechquark.go:2936.37,2939.25 1 1
MikeAustin71/strmechops/strmech/strmechquark.go:2945.3,2945.47 1 1
MikeAustin71/strmechops/strmech/strmechquark.go:2939.25,2940.12 1 1
MikeAustin71/strmechops/strmech/strmechquark.go:2945.47,2948.9 2 1
MikeAustin71/strmechops/strmech/strmechquark.go:2950.9,2950.54 1 1
MikeAustin71/strmechops/strmech/strmechquark.go:2950.54,2951.9 1 1
MikeAustin71/strmechops/strmech/strmechtextjustifyenum.go:91.54,98.2 3 1
MikeAustin71/strmechops/strmech/strmechtextjustifyenum.go:111.54,118.2 3 1
MikeAustin71/strmechops/strmech/strmechtextjustifyenum.go:131.55,138.2 3 1
MikeAustin71/strmechops/strmech/strmechtextjustifyenum.go:152.56,159.2 3 1
MikeAustin71/strmechops/strmech/strmechtextjustifyenum.go:175.51,184.9 4 1
MikeAustin71/strmechops/strmech/strmechtextjustifyenum.go:188.2,188.15 1 1
MikeAustin71/strmechops/strmech/strmechtextjustifyenum.go:184.9,186.3 1 0
MikeAustin71/strmechops/strmech/strmechtextjustifyenum.go:205.51,212.22 3 1
MikeAustin71/strmechops/strmech/strmechtextjustifyenum.go:216.2,216.13 1 1
MikeAustin71/strmechops/strmech/strmechtextjustifyenum.go:212.22,214.3 1 1
MikeAustin71/strmechops/strmech/strmechtextjustifyenum.go:272.43,280.26 4 1
MikeAustin71/strmechops/strmech/strmechtextjustifyenum.go:288.2,291.19 3 1
MikeAustin71/strmechops/strmech/strmechtextjustifyenum.go:314.2,314.36 1 1
MikeAustin71/strmechops/strmech/strmechtextjustifyenum.go:280.26,286.3 1 0
MikeAustin71/strmechops/strmech/strmechtextjustifyenum.go:291.19,295.10 2 1
MikeAustin71/strmechops/strmech/strmechtextjustifyenum.go:295.10,300.4 1 1
MikeAustin71/strmechops/strmech/strmechtextjustifyenum.go:302.8,306.10 2 1
MikeAustin71/strmechops/strmech/strmechtextjustifyenum.go:306.10,311.4 1 1
MikeAustin71/strmechops/strmech/strmechtextjustifyenum.go:324.56,331.2 3 1
MikeAustin71/strmechops/strmech/strmechtextjustifyenum.go:340.51,347.2 3 1
MikeAustin71/strmechops/strmech/strmechatom.go:65.9,67.26 1 1
MikeAustin71/strmechops/strmech/strmechatom.go:71.2,75.22 3 1
MikeAustin71/strmechops/strmech/strmechatom.go:79.2,83.20 3 1
MikeAustin71/strmechops/strmech/strmechatom.go:90.2,90.20 1 1
MikeAustin71/strmechops/strmech/strmechatom.go:96.2,96.24 1 1
MikeAustin71/strmechops/strmech/strmechatom.go:103.2,105.46 2 1
MikeAustin71/strmechops/strmech/strmechatom.go:109.2,118.40 7 1
MikeAustin71/strmechops/strmech/strmechatom.go:275.2,275.24 1 1
MikeAustin71/strmechops/strmech/strmechatom.go:67.26,69.3 1 1
MikeAustin71/strmechops/strmech/strmechatom.go:75.22,77.3 1 1
MikeAustin71/strmechops/strmech/strmechatom.go:83.20,88.3 1 1
MikeAustin71/strmechops/strmech/strmechatom.go:90.20,94.3 1 1
MikeAustin71/strmechops/strmech/strmechatom.go:96.24,101.3 1 1
MikeAustin71/strmechops/strmech/strmechatom.go:105.46,107.3 1 1
MikeAustin71/strmechops/strmech/strmechatom.go:118.40,127.17 2 1
MikeAustin71/strmechops/strmech/strmechatom.go:135.3,135.19 1 1
MikeAustin71/strmechops/strmech/strmechatom.go:144.3,144.28 1 1
MikeAustin71/strmechops/strmech/strmechatom.go:150.3,152.33 2 1
MikeAustin71/strmechops/strmech/strmechatom.go:157.3,164.17 2 1
MikeAustin71/strmechops/strmech/strmechatom.go:172.3,172.18 1 1
MikeAustin71/strmechops/strmech/strmechatom.go:271.3,271.29 1 1
MikeAustin71/strmechops/strmech/strmechatom.go:127.17,133.4 1 0
MikeAustin71/strmechops/strmech/strmechatom.go:135.19,137.20 1 1
MikeAustin71/strmechops/strmech/strmechatom.go:141.4,141.9 1 1
MikeAustin71/strmechops/strmech/strmechatom.go:137.20,139.5 1 0
MikeAustin71/strmechops/strmech/strmechatom.go:144.28,147.9 3 0
MikeAustin71/strmechops/strmech/strmechatom.go:152.33,154.4 1 1
MikeAustin71/strmechops/strmech/strmechatom.go:164.17,170.4 1 0
MikeAustin71/strmechops/strmech/strmechatom.go:172.18,177.4 1 0
MikeAustin71/strmechops/strmech/strmechatom.go:177.9,177.26 1 1
MikeAustin71/strmechops/strmech/strmechatom.go:177.26,181.36 1 1
MikeAustin71/strmechops/strmech/strmechatom.go:181.36,188.10 3 1
MikeAustin71/strmechops/strmech/strmechatom.go:190.10,190.51 1 0
MikeAustin71/strmechops/strmech/strmechatom.go:190.51,196.37 1 0
MikeAustin71/strmechops/strmech/strmechatom.go:196.37,201.11 3 0
MikeAustin71/strmechops/strmech/strmechatom.go:203.11,207.6 2 0
MikeAustin71/strmechops/strmech/strmechatom.go:209.10,216.5 3 0
MikeAustin71/strmechops/strmech/strmechatom.go:218.9,221.32 1 1
MikeAustin71/strmechops/strmech/strmechatom.go:221.32,225.10 3 1
MikeAustin71/strmechops/strmech/strmechatom.go:227.10,227.44 1 1
MikeAustin71/strmechops/strmech/strmechatom.go:227.44,238.19 2 1
MikeAustin71/strmechops/strmech/strmechatom.go:248.5,248.18 1 1
MikeAustin71/strmechops/strmech/strmechatom.go:238.19,246.6 1 0
MikeAustin71/strmechops/strmech/strmechatom.go:248.18,253.14 2 0
MikeAustin71/strmechops/strmech/strmechatom.go:255.11,259.6 2 1
MikeAustin71/strmechops/strmech/strmechatom.go:261.10,268.5 2 1
MikeAustin71/strmechops/strmech/strmechatom.go:288.13,290.26 1 1
MikeAustin71/strmechops/strmech/strmechatom.go:294.2,298.22 3 1
MikeAustin71/strmechops/strmech/strmechatom.go:302.2,304.25 2 1
MikeAustin71/strmechops/strmech/strmechatom.go:311.2,311.27 1 1
MikeAustin71/strmechops/strmech/strmechatom.go:318.2,318.41 1 1
MikeAustin71/strmechops/strmech/strmechatom.go:322.2,322.43 1 1
MikeAustin71/strmechops/strmech/strmechatom.go:326.2,333.12 6 1
MikeAustin71/strmechops/strmech/strmechatom.go:290.26,292.3 1 1
MikeAustin71/strmechops/strmech/strmechatom.go:298.22,300.3 1 0
MikeAustin71/strmechops/strmech/strmechatom.go:304.25,309.3 2 0
MikeAustin71/strmechops/strmech/strmechatom.go:311.27,316.3 2 0
MikeAustin71/strmechops/strmech/strmechatom.go:318.41,320.3 1 0
MikeAustin71/strmechops/strmech/strmechatom.go:322.43,324.3 1 0
MikeAustin71/strmechops/strmech/strmechatom.go:343.9,345.26 1 1
MikeAustin71/strmechops/strmech/strmechatom.go:349.2,353.22 3 1
MikeAustin71/strmechops/strmech/strmechatom.go:357.2,363.19 4 1
MikeAustin71/strmechops/strmech/strmechatom.go:370.2,376.24 5 1
MikeAustin71/strmechops/strmech/strmechatom.go:345.26,347.3 1 1
MikeAustin71/strmechops/strmech/strmechatom.go:353.22,355.3 1 0
MikeAustin71/strmechops/strmech/strmechatom.go:363.19,368.3 2 0
MikeAustin71/strmechops/strmech/strmechatom.go:548.9,550.26 1 1
MikeAustin71/strmechops/strmech/strmechatom.go:554.2,558.22 3 1
MikeAustin71/strmechops/strmech/strmechatom.go:562.2,572.23 8 1
MikeAustin71/strmechops/strmech/strmechatom.go:579.2,579.18 1 1
MikeAustin71/strmechops/strmech/strmechatom.go:585.2,585.30 1 1
MikeAustin71/strmechops/strmech/strmechatom.go:594.2,596.36 2 1
MikeAustin71/strmechops/strmech/strmechatom.go:605.2,607.49 2 1
MikeAustin71/strmechops/strmech/strmechatom.go:617.2,617.31 1 1
MikeAustin71/strmechops/strmech/strmechatom.go:625.2,627.37 2 1
MikeAustin71/strmechops/strmech/strmechatom.go:636.2,638.50 2 1
MikeAustin71/strmechops/strmech/strmechatom.go:647.2,647.31 1 1
MikeAustin71/strmechops/strmech/strmechatom.go:655.2,665.34 8 1
MikeAustin71/strmechops/strmech/strmechatom.go:713.2,714.28 1 1
MikeAustin71/strmechops/strmech/strmechatom.go:721.2,724.30 2 1
MikeAustin71/strmechops/strmech/strmechatom.go:776.2,779.28 2 1
MikeAustin71/strmechops/strmech/strmechatom.go:786.2,789.37 2 1
MikeAustin71/strmechops/strmech/strmechatom.go:854.2,859.32 4 1
MikeAustin71/strmechops/strmech/strmechatom.go:909.2,909.30 1 1
MikeAustin71/strmechops/strmech/strmechatom.go:913.2,913.77 1 1
MikeAustin71/strmechops/strmech/strmechatom.go:917.2,923.36 6 1
MikeAustin71/strmechops/strmech/strmechatom.go:929.2,929.24 1 1
MikeAustin71/strmechops/strmech/strmechatom.go:550.26,552.3 1 1
MikeAustin71/strmechops/strmech/strmechatom.go:558.22,560.3 1 1
MikeAustin71/strmechops/strmech/strmechatom.go:572.23,577.3 1 1
MikeAustin71/strmechops/strmech/strmechatom.go:579.18,583.3 1 1
MikeAustin71/strmechops/strmech/strmechatom.go:585.30,592.3 1 1
MikeAustin71/strmechops/strmech/strmechatom.go:596.36,603.3 1 1
MikeAustin71/strmechops/strmech/strmechatom.go:607.49,609.42 1 1
MikeAustin71/strmechops/strmech/strmechatom.go:613.3,613.34 1 1
MikeAustin71/strmechops/strmech/strmechatom.go:609.42,610.12 1 1
MikeAustin71/strmechops/strmech/strmechatom.go:617.31,623.3 2 1
MikeAustin71/strmechops/strmech/strmechatom.go:627.37,634.3 1 1
MikeAustin71/strmechops/strmech/strmechatom.go:638.50,640.43 1 1
MikeAustin71/strmechops/strmech/strmechatom.go:644.3,644.34 1 1
MikeAustin71/strmechops/strmech/strmechatom.go:640.43,641.12 1 1
MikeAustin71/strmechops/strmech/strmechatom.go:647.31,653.3 2 1
MikeAustin71/strmechops/strmech/strmechatom.go:665.34,667.49 1 1
MikeAustin71/strmechops/strmech/strmechatom.go:688.3,688.32 1 1
MikeAustin71/strmechops/strmech/strmechatom.go:696.3,696.24 1 1
MikeAustin71/strmechops/strmech/strmechatom.go:667.49,669.40 1 1
MikeAustin71/strmechops/strmech/strmechatom.go:673.4,677.29 3 1
MikeAustin71/strmechops/strmech/strmechatom.go:681.4,682.36 1 1
MikeAustin71/strmechops/strmech/strmechatom.go:669.40,670.13 1 1
MikeAustin71/strmechops/strmech/strmechatom.go:677.29,678.13 1 1
MikeAustin71/strmechops/strmech/strmechatom.go:682.36,685.5 2 1
MikeAustin71/strmechops/strmech/strmechatom.go:688.32,694.4 2 1
MikeAustin71/strmechops/strmech/strmechatom.go:696.24,704.43 5 1
MikeAustin71/strmechops/strmech/strmechatom.go:704.43,709.5 3 1
MikeAustin71/strmechops/strmech/strmechatom.go:714.28,719.3 2 1
MikeAustin71/strmechops/strmech/strmechatom.go:724.30,730.45 4 1
MikeAustin71/strmechops/strmech/strmechatom.go:751.3,751.32 1 1
MikeAustin71/strmechops/strmech/strmechatom.go:759.3,759.24 1 1
MikeAustin71/strmechops/strmech/strmechatom.go:730.45,732.38 1 1
MikeAustin71/strmechops/strmech/strmechatom.go:736.4,740.24 3 1
MikeAustin71/strmechops/strmech/strmechatom.go:744.4,745.31 1 1
MikeAustin71/strmechops/strmech/strmechatom.go:732.38,733.13 1 1
MikeAustin71/strmechops/strmech/strmechatom.go:740.24,741.13 1 1
MikeAustin71/strmechops/strmech/strmechatom.go:745.31,748.5 2 1
MikeAustin71/strmechops/strmech/strmechatom.go:751.32,757.4 2 1
MikeAustin71/strmechops/strmech/strmechatom.go:759.24,766.43 5 1
MikeAustin71/strmechops/strmech/strmechatom.go:766.43,772.5 3 1
MikeAustin71/strmechops/strmech/strmechatom.go:779.28,784.3 2 1
MikeAustin71/strmechops/strmech/strmechatom.go:789.37,794.52 4 1
MikeAustin71/strmechops/strmech/strmechatom.go:817.3,817.32 1 1
MikeAustin71/strmechops/strmech/strmechatom.go:825.3,825.25 1 1
MikeAustin71/strmechops/strmech/strmechatom.go:831.3,831.24 1 1
MikeAustin71/strmechops/strmech/strmechatom.go:794.52,796.45 1 1
MikeAustin71/strmechops/strmech/strmechatom.go:801.4,805.28 3 1
MikeAustin71/strmechops/strmech/strmechatom.go:809.4,810.35 1 1
MikeAustin71/strmechops/strmech/strmechatom.go:796.45,798.13 1 1
MikeAustin71/strmechops/strmech/strmechatom.go:805.28,806.13 1 1
MikeAustin71/strmechops/strmech/strmechatom.go:810.35,814.5 2 1
MikeAustin71/strmechops/strmech/strmechatom.go:817.32,823.4 2 1
MikeAustin71/strmechops/strmech/strmechatom.go:825.25,829.4 1 1
MikeAustin71/strmechops/strmech/strmechatom.go:831.24,837.44 2 1
MikeAustin71/strmechops/strmech/strmechatom.go:844.4,847.49 3 1
MikeAustin71/strmechops/strmech/strmechatom.go:837.44,842.5 1 1
MikeAustin71/strmechops/strmech/strmechatom.go:859.32,861.30 1 1
MikeAustin71/strmechops/strmech/strmechatom.go:896.3,896.30 1 1
MikeAustin71/strmechops/strmech/strmechatom.go:900.3,904.2 3 1
MikeAustin71/strmechops/strmech/strmechatom.go:861.30,863.51 1 1
MikeAustin71/strmechops/strmech/strmechatom.go:863.51,867.32 2 1
MikeAustin71/strmechops/strmech/strmechatom.go:872.5,874.29 2 1
MikeAustin71/strmechops/strmech/strmechatom.go:867.32,868.14 1 1
MikeAustin71/strmechops/strmech/strmechatom.go:877.9,879.52 1 1
MikeAustin71/strmechops/strmech/strmechatom.go:879.52,883.33 2 1
MikeAustin71/strmechops/strmech/strmechatom.go:887.5,891.28 3 1
MikeAustin71/strmechops/strmech/strmechatom.go:883.33,884.14 1 1
MikeAustin71/strmechops/strmech/strmechatom.go:896.30,898.4 1 1
MikeAustin71/strmechops/strmech/strmechatom.go:909.30,911.3 1 1
MikeAustin71/strmechops/strmech/strmechatom.go:913.77,915.3 1 1
MikeAustin71/strmechops/strmech/strmechatom.go:923.36,925.3 1 1
MikeAustin71/strmechops/strmech/strmechatom.go:925.8,927.3 1 1
MikeAustin71/strmechops/strmech/strmechatom.go:1139.9,1141.26 1 1
MikeAustin71/strmechops/strmech/strmechatom.go:1145.2,1149.22 3 1
MikeAustin71/strmechops/strmech/strmechatom.go:1153.2,1161.23 6 1
MikeAustin71/strmechops/strmech/strmechatom.go:1168.2,1168.20 1 1
MikeAustin71/strmechops/strmech/strmechatom.go:1174.2,1174.32 1 1
MikeAustin71/strmechops/strmech/strmechatom.go:1182.2,1194.31 9 1
MikeAustin71/strmechops/strmech/strmechatom.go:1211.2,1211.32 1 1
MikeAustin71/strmechops/strmech/strmechatom.go:1228.2,1228.32 1 1
MikeAustin71/strmechops/strmech/strmechatom.go:1245.2,1253.45 6 1
MikeAustin71/strmechops/strmech/strmechatom.go:1265.2,1265.32 1 1
MikeAustin71/strmechops/strmech/strmechatom.go:1272.2,1279.37 3 1
MikeAustin71/strmechops/strmech/strmechatom.go:1348.2,1350.37 2 1
MikeAustin71/strmechops/strmech/strmechatom.go:1369.2,1371.55 2 1
MikeAustin71/strmechops/strmech/strmechatom.go:1422.2,1422.34 1 1
MikeAustin71/strmechops/strmech/strmechatom.go:1442.2,1442.21 1 1
MikeAustin71/strmechops/strmech/strmechatom.go:1141.26,1143.3 1 1
MikeAustin71/strmechops/strmech/strmechatom.go:1149.22,1151.3 1 1
MikeAustin71/strmechops/strmech/strmechatom.go:1161.23,1166.3 1 1
MikeAustin71/strmechops/strmech/strmechatom.go:1168.20,1172.3 1 1
MikeAustin71/strmechops/strmech/strmechatom.go:1174.32,1180.3 1 1
MikeAustin71/strmechops/strmech/strmechatom.go:1194.31,1197.46 1 1
MikeAustin71/strmechops/strmech/strmechatom.go:1208.3,1208.46 1 1
MikeAustin71/strmechops/strmech/strmechatom.go:1197.46,1200.32 1 1
MikeAustin71/strmechops/strmech/strmechatom.go:1204.4,1204.74 1 1
MikeAustin71/strmechops/strmech/strmechatom.go:1200.32,1201.13 1 0
MikeAustin71/strmechops/strmech/strmechatom.go:1211.32,1214.47 1 1
MikeAustin71/strmechops/strmech/strmechatom.go:1225.3,1225.48 1 1
MikeAustin71/strmechops/strmech/strmechatom.go:1214.47,1217.33 1 1
MikeAustin71/strmechops/strmech/strmechatom.go:1221.4,1221.77 1 1
MikeAustin71/strmechops/strmech/strmechatom.go:1217.33,1218.13 1 0
MikeAustin71/strmechops/strmech/strmechatom.go:1228.32,1231.47 1 1
MikeAustin71/strmechops/strmech/strmechatom.go:1242.3,1242.48 1 1
MikeAustin71/strmechops/strmech/strmechatom.go:1231.47,1234.33 1 1
MikeAustin71/strmechops/strmech/strmechatom.go:1238.4,1238.77 1 1
MikeAustin71/strmechops/strmech/strmechatom.go:1234.33,1235.13 1 0
MikeAustin71/strmechops/strmech/strmechatom.go:1253.45,1257.31 1 1
MikeAustin71/strmechops/strmech/strmechatom.go:1257.31,1261.9 2 1
MikeAustin71/strmechops/strmech/strmechatom.go:1265.32,1270.3 1 1
MikeAustin71/strmechops/strmech/strmechatom.go:1279.37,1281.59 1 1
MikeAustin71/strmechops/strmech/strmechatom.go:1281.59,1283.45 1 1
MikeAustin71/strmechops/strmech/strmechatom.go:1337.4,1339.39 2 1
MikeAustin71/strmechops/strmech/strmechatom.go:1344.4,1344.9 1 1
MikeAustin71/strmechops/strmech/strmechatom.go:1283.45,1285.46 1 1
MikeAustin71/strmechops/strmech/strmechatom.go:1285.46,1288.34 1 1
MikeAustin71/strmechops/strmech/strmechatom.go:1288.34,1306.33 7 1
MikeAustin71/strmechops/strmech/strmechatom.go:1312.7,1312.48 1 1
MikeAustin71/strmechops/strmech/strmechatom.go:1319.7,1319.12 1 1
MikeAustin71/strmechops/strmech/strmechatom.go:1306.33,1308.8 1 1
MikeAustin71/strmechops/strmech/strmechatom.go:1312.48,1313.47 1 1
MikeAustin71/strmechops/strmech/strmechatom.go:1313.47,1316.9 2 1
MikeAustin71/strmechops/strmech/strmechatom.go:1321.12,1332.12 5 1
MikeAustin71/strmechops/strmech/strmechatom.go:1339.39,1341.13 2 1
MikeAustin71/strmechops/strmech/strmechatom.go:1350.37,1352.57 1 1
MikeAustin71/strmechops/strmech/strmechatom.go:1352.57,1355.40 1 1
MikeAustin71/strmechops/strmech/strmechatom.go:1355.40,1361.5 3 1
MikeAustin71/strmechops/strmech/strmechatom.go:1361.10,1364.5 2 1
MikeAustin71/strmechops/strmech/strmechatom.go:1371.55,1373.21 1 1
MikeAustin71/strmechops/strmech/strmechatom.go:1401.3,1403.45 2 1
MikeAustin71/strmechops/strmech/strmechatom.go:1417.3,1417.8 1 1
MikeAustin71/strmechops/strmech/strmechatom.go:1373.21,1375.54 1 1
MikeAustin71/strmechops/strmech/strmechatom.go:1381.4,1381.46 1 1
MikeAustin71/strmechops/strmech/strmechatom.go:1375.54,1378.13 2 1
MikeAustin71/strmechops/strmech/strmechatom.go:1381.46,1383.47 1 1
MikeAustin71/strmechops/strmech/strmechatom.go:1383.47,1386.58 1 1
MikeAustin71/strmechops/strmech/strmechatom.go:1392.6,1394.23 2 1
MikeAustin71/strmechops/strmech/strmechatom.go:1386.58,1389.21 1 1
MikeAustin71/strmechops/strmech/strmechatom.go:1403.45,1405.46 1 1
MikeAustin71/strmechops/strmech/strmechatom.go:1405.46,1411.22 4 1
MikeAustin71/strmechops/strmech/strmechatom.go:1422.34,1425.30 2 1
MikeAustin71/strmechops/strmech/strmechatom.go:1431.3,1437.51 5 1
MikeAustin71/strmechops/strmech/strmechatom.go:1425.30,1427.4 1 1
MikeAustin71/strmechops/strmech/strmechatom.go:1427.9,1429.4 1 1
MikeAustin71/strmechops/strmech/strmechatom.go:1437.51,1439.4 1 1
MikeAustin71/strmechops/strmech/strmechdatafieldprofiledto.go:29.61,37.2 6 1
MikeAustin71/strmechops/strmech/strmechdatafieldprofiledto.go:41.64,58.2 16 1
MikeAustin71/strmechops/strmech/strmechdatafieldtrailingdelimitertypeenum.go:72.97,79.2 3 1
MikeAustin71/strmechops/strmech/strmechdatafieldtrailingdelimitertypeenum.go:83.100,90.2 3 1
MikeAustin71/strmechops/strmech/strmechdatafieldtrailingdelimitertypeenum.go:94.97,101.2 3 1
MikeAustin71/strmechops/strmech/strmechdatafieldtrailingdelimitertypeenum.go:106.99,113.2 3 1
MikeAustin71/strmechops/strmech/strmechdatafieldtrailingdelimitertypeenum.go:118.101,125.2 3 1
MikeAustin71/strmechops/strmech/strmechdatafieldtrailingdelimitertypeenum.go:140.78,148.9 4 1
MikeAustin71/strmechops/strmech/strmechdatafieldtrailingdelimitertypeenum.go:155.2,155.12 1 1
MikeAustin71/strmechops/strmech/strmechdatafieldtrailingdelimitertypeenum.go:148.9,153.3 2 1
MikeAustin71/strmechops/strmech/strmechdatafieldtrailingdelimitertypeenum.go:180.72,188.9 4 1
MikeAustin71/strmechops/strmech/strmechdatafieldtrailingdelimitertypeenum.go:192.2,192.14 1 1
MikeAustin71/strmechops/strmech/strmechdatafieldtrailingdelimitertypeenum.go:188.9,190.3 1 1
MikeAustin71/strmechops/strmech/strmechdatafieldtrailingdelimitertypeenum.go:209.72,216.24 3 0
MikeAustin71/strmechops/strmech/strmechdatafieldtrailingdelimitertypeenum.go:220.2,220.13 1 0
MikeAustin71/strmechops/strmech/strmechdatafieldtrailingdelimitertypeenum.go:216.24,218.3 1 0
MikeAustin71/strmechops/strmech/strmechdatafieldtrailingdelimitertypeenum.go:279.62,289.42 5 1
MikeAustin71/strmechops/strmech/strmechdatafieldtrailingdelimitertypeenum.go:294.2,294.21 1 1
MikeAustin71/strmechops/strmech/strmechdatafieldtrailingdelimitertypeenum.go:301.2,305.19 3 1
MikeAustin71/strmechops/strmech/strmechdatafieldtrailingdelimitertypeenum.go:331.2,331.25 1 1
MikeAustin71/strmechops/strmech/strmechdatafieldtrailingdelimitertypeenum.go:289.42,292.3 2 1
MikeAustin71/strmechops/strmech/strmechdatafieldtrailingdelimitertypeenum.go:294.21,299.3 1 1
MikeAustin71/strmechops/strmech/strmechdatafieldtrailingdelimitertypeenum.go:305.19,309.10 2 1
MikeAustin71/strmechops/strmech/strmechdatafieldtrailingdelimitertypeenum.go:309.10,314.4 1 1
MikeAustin71/strmechops/strmech/strmechdatafieldtrailingdelimitertypeenum.go:316.8,322.10 3 1
MikeAustin71/strmechops/strmech/strmechdatafieldtrailingdelimitertypeenum.go:322.10,327.4 1 1
MikeAustin71/strmechops/strmech/strmechdatafieldtrailingdelimitertypeenum.go:337.72,344.2 3 1
MikeAustin71/strmechops/strmech/strmechnanobot.go:40.9,42.29 1 1
MikeAustin71/strmechops/strmech/strmechnanobot.go:46.2,50.22 3 1
MikeAustin71/strmechops/strmech/strmechnanobot.go:54.2,58.48 3 1
MikeAustin71/strmechops/strmech/strmechnanobot.go:65.2,65.33 1 1
MikeAustin71/strmechops/strmech/strmechnanobot.go:75.2,82.16 3 1
MikeAustin71/strmechops/strmech/strmechnanobot.go:90.2,90.31 1 1
MikeAustin71/strmechops/strmech/strmechnanobot.go:42.29,44.3 1 1
MikeAustin71/strmechops/strmech/strmechnanobot.go:50.22,52.3 1 1
MikeAustin71/strmechops/strmech/strmechnanobot.go:58.48,63.3 1 1
MikeAustin71/strmechops/strmech/strmechnanobot.go:65.33,73.3 1 1
MikeAustin71/strmechops/strmech/strmechnanobot.go:82.16,88.3 1 0
MikeAustin71/strmechops/strmech/strmechnanobot.go:216.13,218.29 1 1
MikeAustin71/strmechops/strmech/strmechnanobot.go:222.2,226.22 3 1
MikeAustin71/strmechops/strmech/strmechnanobot.go:230.2,233.29 3 1
MikeAustin71/strmechops/strmech/strmechnanobot.go:242.2,245.24 2 1
MikeAustin71/strmechops/strmech/strmechnanobot.go:267.2,267.32 1 1
MikeAustin71/strmechops/strmech/strmechnanobot.go:272.2,274.21 2 1
MikeAustin71/strmechops/strmech/strmechnanobot.go:306.2,306.26 1 1
MikeAustin71/strmechops/strmech/strmechnanobot.go:218.29,220.3 1 1
MikeAustin71/strmechops/strmech/strmechnanobot.go:226.22,228.3 1 1
MikeAustin71/strmechops/strmech/strmechnanobot.go:233.29,240.3 2 1
MikeAustin71/strmechops/strmech/strmechnanobot.go:245.24,252.3 2 1
MikeAustin71/strmechops/strmech/strmechnanobot.go:252.8,253.23 1 1
MikeAustin71/strmechops/strmech/strmechnanobot.go:253.23,259.3 2 0
MikeAustin71/strmechops/strmech/strmechnanobot.go:259.8,259.49 1 1
MikeAustin71/strmechops/strmech/strmechnanobot.go:259.49,265.3 2 0
MikeAustin71/strmechops/strmech/strmechnanobot.go:267.32,270.3 2 0
MikeAustin71/strmechops/strmech/strmechnanobot.go:275.29,281.12 1 1
MikeAustin71/strmechops/strmech/strmechnanobot.go:283.30,289.12 1 1
MikeAustin71/strmechops/strmech/strmechnanobot.go:291.31,297.12 1 1
MikeAustin71/strmechops/strmech/strmechnanobot.go:299.10,303.28 1 0
MikeAustin71/strmechops/strmech/strmechnumstrprofiledto.go:20.57,32.2 10 1
